<?xml version="1.0" encoding="UTF-8"?>
<testng-results total="2" passed="2" failed="0" skipped="0">
  <reporter-output>
  </reporter-output>
  <suite started-at="2021-02-13T15:12:37Z" name="Suite" finished-at="2021-02-13T15:12:51Z" duration-ms="14180">
    <groups>
    </groups>
    <test started-at="2021-02-13T15:12:37Z" name="Test" finished-at="2021-02-13T15:12:51Z" duration-ms="14180">
      <class name="testCases.ExecuteTestZaleniumChrome">
        <test-method signature="test1()[pri:0, instance:testCases.ExecuteTestZaleniumChrome@a37aefe]" started-at="2021-02-13T16:12:37Z" name="test1" finished-at="2021-02-13T16:12:45Z" duration-ms="7572" status="PASS">
          <reporter-output>
          </reporter-output>
        </test-method> <!-- test1 -->
      </class> <!-- testCases.ExecuteTestZaleniumChrome -->
      <class name="testCases.ExecuteZaleniumFirefox">
        <test-method signature="test2()[pri:0, instance:testCases.ExecuteZaleniumFirefox@7fc4780b]" started-at="2021-02-13T16:12:37Z" name="test2" finished-at="2021-02-13T16:12:51Z" duration-ms="14143" status="PASS">
          <reporter-output>
          </reporter-output>
        </test-method> <!-- test2 -->
      </class> <!-- testCases.ExecuteZaleniumFirefox -->
    </test> <!-- Test -->
  </suite> <!-- Suite -->
</testng-results>
